--------------------------------------------------------------------------------
Release 14.6 Trace  (nt64)
Copyright (c) 1995-2013 Xilinx, Inc.  All rights reserved.

C:\Xilinx\14.6\ISE_DS\ISE\bin\nt64\unwrapped\trce.exe -intstyle ise -v 3 -s 3
-n 3 -fastpaths -xml top.twx top.ncd -o top.twr top.pcf -ucf top.ucf

Design file:              top.ncd
Physical constraint file: top.pcf
Device,package,speed:     xc6slx9,tqg144,C,-3 (PRODUCTION 1.23 2013-06-08)
Report level:             verbose report

Environment Variable      Effect 
--------------------      ------ 
NONE                      No environment variables were set
--------------------------------------------------------------------------------

INFO:Timing:2698 - No timing constraints found, doing default enumeration.
INFO:Timing:3412 - To improve timing, see the Timing Closure User Guide (UG612).
INFO:Timing:2752 - To get complete path coverage, use the unconstrained paths 
   option. All paths that are not constrained will be reported in the 
   unconstrained paths section(s) of the report.
INFO:Timing:3339 - The clock-to-out numbers in this timing report are based on 
   a 50 Ohm transmission line loading model.  For the details of this model, 
   and for more information on accounting for different loading conditions, 
   please see the device datasheet.



Data Sheet report:
-----------------
All values displayed in nanoseconds (ns)

Setup/Hold to clock CLOCK_IN
------------+------------+------------+------------+------------+------------------+--------+
            |Max Setup to|  Process   |Max Hold to |  Process   |                  | Clock  |
Source      | clk (edge) |   Corner   | clk (edge) |   Corner   |Internal Clock(s) | Phase  |
------------+------------+------------+------------+------------+------------------+--------+
CCLK        |    4.285(R)|      SLOW  |   -1.488(R)|      FAST  |CLK_50M           |   0.000|
RST_N       |    2.982(R)|      SLOW  |   -1.058(R)|      FAST  |CLK_50M           |   0.000|
SPI_MOSI    |    2.196(R)|      SLOW  |   -1.029(R)|      FAST  |CLK_50M           |   0.000|
SPI_SCK     |    2.163(R)|      SLOW  |   -1.004(R)|      FAST  |CLK_50M           |   0.000|
SPI_SS      |    2.195(R)|      SLOW  |   -0.996(R)|      FAST  |CLK_50M           |   0.000|
sync_in_1   |    4.176(R)|      SLOW  |   -1.761(R)|      FAST  |clk_100m          |   0.000|
sync_in_2   |    2.900(R)|      SLOW  |   -1.042(R)|      FAST  |clk_100m          |   0.000|
------------+------------+------------+------------+------------+------------------+--------+

Clock CLOCK_EXT to Pad
-----------------+-----------------+------------+-----------------+------------+------------------+--------+
                 |Max (slowest) clk|  Process   |Min (fastest) clk|  Process   |                  | Clock  |
Destination      |  (edge) to PAD  |   Corner   |  (edge) to PAD  |   Corner   |Internal Clock(s) | Phase  |
-----------------+-----------------+------------+-----------------+------------+------------------+--------+
LED<5>           |        16.506(R)|      SLOW  |         9.813(R)|      FAST  |clock_pix         |   0.000|
TMDS1_CLOCK_N    |        11.899(R)|      SLOW  |         6.582(R)|      FAST  |clock_tmds        |   0.000|
TMDS1_CLOCK_P    |        11.857(R)|      SLOW  |         6.566(R)|      FAST  |clock_tmds        |   0.000|
TMDS1_NEGATIVE<0>|        11.950(R)|      SLOW  |         6.633(R)|      FAST  |clock_tmds        |   0.000|
TMDS1_NEGATIVE<1>|        11.899(R)|      SLOW  |         6.582(R)|      FAST  |clock_tmds        |   0.000|
TMDS1_NEGATIVE<2>|        11.950(R)|      SLOW  |         6.633(R)|      FAST  |clock_tmds        |   0.000|
TMDS1_POSITIVE<0>|        11.908(R)|      SLOW  |         6.617(R)|      FAST  |clock_tmds        |   0.000|
TMDS1_POSITIVE<1>|        11.857(R)|      SLOW  |         6.566(R)|      FAST  |clock_tmds        |   0.000|
TMDS1_POSITIVE<2>|        11.908(R)|      SLOW  |         6.617(R)|      FAST  |clock_tmds        |   0.000|
TMDS2_CLOCK_N    |        11.950(R)|      SLOW  |         6.633(R)|      FAST  |clock_tmds        |   0.000|
TMDS2_CLOCK_P    |        11.908(R)|      SLOW  |         6.617(R)|      FAST  |clock_tmds        |   0.000|
TMDS2_NEGATIVE<0>|        11.899(R)|      SLOW  |         6.582(R)|      FAST  |clock_tmds        |   0.000|
TMDS2_NEGATIVE<1>|        11.950(R)|      SLOW  |         6.633(R)|      FAST  |clock_tmds        |   0.000|
TMDS2_NEGATIVE<2>|        11.899(R)|      SLOW  |         6.582(R)|      FAST  |clock_tmds        |   0.000|
TMDS2_POSITIVE<0>|        11.857(R)|      SLOW  |         6.566(R)|      FAST  |clock_tmds        |   0.000|
TMDS2_POSITIVE<1>|        11.908(R)|      SLOW  |         6.617(R)|      FAST  |clock_tmds        |   0.000|
TMDS2_POSITIVE<2>|        11.857(R)|      SLOW  |         6.566(R)|      FAST  |clock_tmds        |   0.000|
sync_out_1       |        16.032(R)|      SLOW  |         9.462(R)|      FAST  |clock_pix         |   0.000|
-----------------+-----------------+------------+-----------------+------------+------------------+--------+

Clock CLOCK_IN to Pad
------------+-----------------+------------+-----------------+------------+-----------------------+--------+
            |Max (slowest) clk|  Process   |Min (fastest) clk|  Process   |                       | Clock  |
Destination |  (edge) to PAD  |   Corner   |  (edge) to PAD  |   Corner   |Internal Clock(s)      | Phase  |
------------+-----------------+------------+-----------------+------------+-----------------------+--------+
LED<4>      |         8.352(R)|      SLOW  |         4.939(R)|      FAST  |clk_100m               |   0.000|
LED<5>      |         9.782(R)|      SLOW  |         5.403(R)|      FAST  |clk_100m               |   0.000|
SCL         |        16.905(R)|      SLOW  |        13.412(R)|      FAST  |PROGAMMABLE_OSC/clk_40m|   0.000|
SPI_MISO    |         7.664(R)|      SLOW  |         4.109(R)|      FAST  |CLK_50M                |   0.000|
sync_out_1  |         9.308(R)|      SLOW  |         5.052(R)|      FAST  |clk_100m               |   0.000|
sync_out_2  |         8.678(R)|      SLOW  |         5.217(R)|      FAST  |clk_100m               |   0.000|
------------+-----------------+------------+-----------------+------------+-----------------------+--------+

Clock to Setup on destination clock CLOCK_EXT
---------------+---------+---------+---------+---------+
               | Src:Rise| Src:Fall| Src:Rise| Src:Fall|
Source Clock   |Dest:Rise|Dest:Rise|Dest:Fall|Dest:Fall|
---------------+---------+---------+---------+---------+
CLOCK_EXT      |    6.796|    5.243|         |         |
CLOCK_IN       |    1.498|         |         |         |
---------------+---------+---------+---------+---------+

Clock to Setup on destination clock CLOCK_IN
---------------+---------+---------+---------+---------+
               | Src:Rise| Src:Fall| Src:Rise| Src:Fall|
Source Clock   |Dest:Rise|Dest:Rise|Dest:Fall|Dest:Fall|
---------------+---------+---------+---------+---------+
CLOCK_EXT      |   11.086|         |         |         |
CLOCK_IN       |    4.838|         |         |         |
---------------+---------+---------+---------+---------+

Pad to Pad
---------------+---------------+---------+
Source Pad     |Destination Pad|  Delay  |
---------------+---------------+---------+
SPI_SS         |SPI_MISO       |    8.692|
sync_in_1      |LED<7>         |    9.587|
sync_in_2      |LED<6>         |    9.184|
---------------+---------------+---------+


Analysis completed Fri Jul 05 15:46:09 2019 
--------------------------------------------------------------------------------

Trace Settings:
-------------------------
Trace Settings 

Peak Memory Usage: 4593 MB



